<?xml version="1.0" encoding="UTF-8"?>
<!-- Generated by org.testng.reporters.JUnitXMLReporter -->
<testsuite ignored="0" hostname="Ganesha" failures="1" tests="4" name="Luma Test" time="163.47" errors="0" timestamp="2022-11-15T10:35:50 IST">
  <testcase classname="TestCases.TC_002_LogIn" name="checkLogIn" time="9.444">
    <failure type="java.lang.AssertionError" message="expected [Welcome, Killare!] but found [Welcome, Ganesh Killare!]">
      <![CDATA[java.lang.AssertionError: expected [Welcome, Killare!] but found [Welcome, Ganesh Killare!]
at TestCases.TC_002_LogIn.checkLogIn(TC_002_LogIn.java:27)
at java.base/java.util.ArrayList.forEach(ArrayList.java:1511)
... Removed 31 stack frames]]>
    </failure>
  </testcase> <!-- checkLogIn -->
  <testcase classname="TestCases.TC_003_AddToCart" name="checkAddToCartFunctionaly" time="31.315"/>
  <testcase classname="TestCases.TC_001_CreateNewAC" name="CreateAC" time="11.361"/>
  <testcase classname="TestCases.TC_004_RemoveToCart" name="checkRemoveToCart" time="73.831"/>
</testsuite> <!-- Luma Test -->
