<?xml version="1.0" encoding="UTF-8"?>
<testng-results ignored="0" total="1" passed="1" failed="0" skipped="0">
  <reporter-output>
  </reporter-output>
  <suite started-at="2022-11-22T22:05:45 IST" name="Default suite" finished-at="2022-11-22T22:07:57 IST" duration-ms="131483">
    <groups>
    </groups>
    <test started-at="2022-11-22T22:05:45 IST" name="Default test" finished-at="2022-11-22T22:07:57 IST" duration-ms="131483">
      <class name="TestCases.TC_005_WhatsNew">
        <test-method is-config="true" signature="setUp()[pri:0, instance:TestCases.TC_005_WhatsNew@682b2fa]" started-at="2022-11-22T22:05:45 IST" name="setUp" finished-at="2022-11-22T22:05:48 IST" duration-ms="2809" status="PASS">
          <reporter-output>
          </reporter-output>
        </test-method> <!-- setUp -->
        <test-method signature="checkWhatsNewFeature()[pri:0, instance:TestCases.TC_005_WhatsNew@682b2fa]" started-at="2022-11-22T22:05:48 IST" name="checkWhatsNewFeature" finished-at="2022-11-22T22:07:57 IST" duration-ms="128528" status="PASS">
          <reporter-output>
          </reporter-output>
        </test-method> <!-- checkWhatsNewFeature -->
        <test-method is-config="true" signature="CloseBrowser()[pri:0, instance:TestCases.TC_005_WhatsNew@682b2fa]" started-at="2022-11-22T22:07:57 IST" name="CloseBrowser" finished-at="2022-11-22T22:07:57 IST" duration-ms="94" status="PASS">
          <reporter-output>
          </reporter-output>
        </test-method> <!-- CloseBrowser -->
      </class> <!-- TestCases.TC_005_WhatsNew -->
    </test> <!-- Default test -->
  </suite> <!-- Default suite -->
</testng-results>
